<?xml version="1.0" encoding="UTF-8"?>
<!-- Generated by org.testng.reporters.JUnitReportReporter -->
<testsuite skipped="0" hostname="LAPTOP-B1VDJO44" name="com.testPackage.CalTest" tests="3" failures="0" timestamp="23 May 2020 07:44:47 GMT" time="6.917" errors="0">
  <testcase name="sumTest" time="2.369" classname="com.testPackage.CalTest"/>
  <testcase name="subTest" time="2.226" classname="com.testPackage.CalTest"/>
  <testcase name="divTest" time="2.322" classname="com.testPackage.CalTest"/>
</testsuite> <!-- com.testPackage.CalTest -->
